json_validate.adb:148:20: error: "Success" is not visible
json_validate.adb:148:20: error: multiple use clauses cause hiding
json_validate.adb:148:20: error: hidden declaration at stunir_types.ads:55
json_validate.adb:148:20: error: hidden declaration at a-comlin.ads:76
json_validate.adb:156:30: error: "Success" is not visible
json_validate.adb:156:30: error: multiple use clauses cause hiding
json_validate.adb:156:30: error: hidden declaration at stunir_types.ads:55
json_validate.adb:156:30: error: hidden declaration at a-comlin.ads:76
json_validate.adb:159:19: error: "Success" is not visible
json_validate.adb:159:19: error: multiple use clauses cause hiding
json_validate.adb:159:19: error: hidden declaration at stunir_types.ads:55
json_validate.adb:159:19: error: hidden declaration at a-comlin.ads:76
json_validate.adb:173:45: error: prefix of "Access" attribute must be aliased
json_validate.adb:174:45: error: prefix of "Access" attribute must be aliased
json_validate.adb:175:45: error: prefix of "Access" attribute must be aliased
json_validate.adb:176:45: error: prefix of "Access" attribute must be aliased
json_validate.adb:177:45: error: prefix of "Access" attribute must be aliased
json_validate.adb:248:27: error: expected type "Ada.Command_Line.Exit_Status"
json_validate.adb:248:27: error: found type "Standard.Integer"
json_validate.adb:248:27: error:   ==> in call to "Set_Exit_Status" at a-comlin.ads:79
stunir_types.ads:11:06: error: cannot depend on "Bounded" (wrong categorization)
stunir_types.ads:11:06: error: pure unit cannot depend on non-pure unit
stunir_types.ads:12:06: error: cannot depend on "Hash" (wrong categorization)
stunir_types.ads:12:06: error: pure unit cannot depend on non-pure unit
stunir_types.ads:234:53: error: missing "with Ada.Containers;"
stunir_types.ads:235:32: error: "Hash" not declared in "Identifier_Strings"
stunir_types.ads:242:06: error: non-static constant in preelaborated unit
stunir_types.ads:242:24: error: static expression must have scalar or string type (RM 4.9(2))
stunir_types.ads:245:06: error: non-static constant in preelaborated unit
stunir_types.ads:245:23: error: static expression must have scalar or string type (RM 4.9(2))
stunir_types.ads:248:06: error: non-static constant in preelaborated unit
stunir_types.ads:248:19: error: static expression must have scalar or string type (RM 4.9(2))
