pipeline_driver_main.adb:14:37: error: "Target_CPP" is undefined (more references follow)
pipeline_driver_main.adb:37:17: error: "Target_C" is undefined
pipeline_driver_main.adb:39:17: error: "Target_Rust" is undefined
pipeline_driver_main.adb:41:17: error: "Target_Python" is undefined
pipeline_driver_main.adb:43:17: error: "Target_Go" is undefined
pipeline_driver_main.adb:45:17: error: "Target_JavaScript" is undefined
pipeline_driver_main.adb:47:17: error: "Target_Java" is undefined
pipeline_driver_main.adb:49:17: error: "Target_CSharp" is undefined
pipeline_driver_main.adb:51:17: error: "Target_Swift" is undefined
pipeline_driver_main.adb:53:17: error: "Target_Kotlin" is undefined
pipeline_driver_main.adb:55:17: error: "Target_SPARK" is undefined
pipeline_driver_main.adb:83:31: error: "Identifier_Strings" is undefined (more references follow)
pipeline_driver_main.adb:135:07: error: "Is_Success" is undefined
pipeline_driver_main.adb:136:24: error: "Success" is not visible
pipeline_driver_main.adb:136:24: error: multiple use clauses cause hiding
pipeline_driver_main.adb:136:24: error: hidden declaration at stunir_types.ads:56
pipeline_driver_main.adb:136:24: error: hidden declaration at a-comlin.ads:76
pipeline_driver_main.adb:138:45: error: "Status_Code_Image" is undefined
pipeline_driver.ads:31:26: error: "Path_String" is undefined (more references follow)
pipeline_driver.ads:33:26: error: "Identifier_String" is undefined (more references follow)
pipeline_driver.ads:35:26: error: "Target_Language" is undefined (more references follow)
pipeline_driver.ads:46:22: error: "Function_Index" is undefined (more references follow)
pipeline_driver.ads:48:22: error: "Error_String" is undefined
pipeline_driver.ads:68:15: error: "Path_Strings" is undefined (more references follow)
