================================================================================
STUNIR Confluence Verification System
================================================================================

Testing embedded...
  ❌ spark: spec_to_ir failed: 
  ❌ python: spec_to_ir failed: usage: spec_to_ir.py [-h] --spec-root SPEC_ROOT --out OUT
                     [--lockfile LOCKFILE]
spec_to_ir.py: error: the following arguments are required: --spec-root, --out

  ❌ rust: Tool not found: ../tools/rust/semantic_ir/target/release/spec_to_ir
  ❌ Confluence: FAILED - Not enough outputs

Testing gpu...
  ❌ spark: spec_to_ir failed: 
  ❌ python: spec_to_ir failed: usage: spec_to_ir.py [-h] --spec-root SPEC_ROOT --out OUT
                     [--lockfile LOCKFILE]
spec_to_ir.py: error: the following arguments are required: --spec-root, --out

  ❌ rust: Tool not found: ../tools/rust/semantic_ir/target/release/spec_to_ir
  ❌ Confluence: FAILED - Not enough outputs

Testing wasm...
  ❌ spark: spec_to_ir failed: 
  ❌ python: spec_to_ir failed: usage: spec_to_ir.py [-h] --spec-root SPEC_ROOT --out OUT
                     [--lockfile LOCKFILE]
spec_to_ir.py: error: the following arguments are required: --spec-root, --out

  ❌ rust: Tool not found: ../tools/rust/semantic_ir/target/release/spec_to_ir
  ❌ Confluence: FAILED - Not enough outputs

Testing assembly...
  ❌ spark: spec_to_ir failed: 
  ❌ python: spec_to_ir failed: usage: spec_to_ir.py [-h] --spec-root SPEC_ROOT --out OUT
                     [--lockfile LOCKFILE]
spec_to_ir.py: error: the following arguments are required: --spec-root, --out

  ❌ rust: Tool not found: ../tools/rust/semantic_ir/target/release/spec_to_ir
  ❌ Confluence: FAILED - Not enough outputs

Testing polyglot...
  ❌ spark: spec_to_ir failed: 
  ❌ python: spec_to_ir failed: usage: spec_to_ir.py [-h] --spec-root SPEC_ROOT --out OUT
                     [--lockfile LOCKFILE]
spec_to_ir.py: error: the following arguments are required: --spec-root, --out

  ❌ rust: Tool not found: ../tools/rust/semantic_ir/target/release/spec_to_ir
  ❌ Confluence: FAILED - Not enough outputs

Testing lisp...
  ❌ spark: spec_to_ir failed: 
  ❌ python: spec_to_ir failed: usage: spec_to_ir.py [-h] --spec-root SPEC_ROOT --out OUT
                     [--lockfile LOCKFILE]
spec_to_ir.py: error: the following arguments are required: --spec-root, --out

  ❌ rust: Tool not found: ../tools/rust/semantic_ir/target/release/spec_to_ir
  ❌ Confluence: FAILED - Not enough outputs

Testing prolog...
  ❌ spark: spec_to_ir failed: 
  ❌ python: spec_to_ir failed: usage: spec_to_ir.py [-h] --spec-root SPEC_ROOT --out OUT
                     [--lockfile LOCKFILE]
spec_to_ir.py: error: the following arguments are required: --spec-root, --out

  ❌ rust: Tool not found: ../tools/rust/semantic_ir/target/release/spec_to_ir
  ❌ Confluence: FAILED - Not enough outputs

Testing business...
  ❌ spark: spec_to_ir failed: 
  ❌ python: spec_to_ir failed: usage: spec_to_ir.py [-h] --spec-root SPEC_ROOT --out OUT
                     [--lockfile LOCKFILE]
spec_to_ir.py: error: the following arguments are required: --spec-root, --out

  ❌ rust: Tool not found: ../tools/rust/semantic_ir/target/release/spec_to_ir
  ❌ Confluence: FAILED - Not enough outputs

Testing fpga...
  ❌ spark: spec_to_ir failed: 
  ❌ python: spec_to_ir failed: usage: spec_to_ir.py [-h] --spec-root SPEC_ROOT --out OUT
                     [--lockfile LOCKFILE]
spec_to_ir.py: error: the following arguments are required: --spec-root, --out

  ❌ rust: Tool not found: ../tools/rust/semantic_ir/target/release/spec_to_ir
  ❌ Confluence: FAILED - Not enough outputs

Testing grammar...
  ❌ spark: spec_to_ir failed: 
  ❌ python: spec_to_ir failed: usage: spec_to_ir.py [-h] --spec-root SPEC_ROOT --out OUT
                     [--lockfile LOCKFILE]
spec_to_ir.py: error: the following arguments are required: --spec-root, --out

  ❌ rust: Tool not found: ../tools/rust/semantic_ir/target/release/spec_to_ir
  ❌ Confluence: FAILED - Not enough outputs

Testing lexer...
  ❌ spark: spec_to_ir failed: 
  ❌ python: spec_to_ir failed: usage: spec_to_ir.py [-h] --spec-root SPEC_ROOT --out OUT
                     [--lockfile LOCKFILE]
spec_to_ir.py: error: the following arguments are required: --spec-root, --out

  ❌ rust: Tool not found: ../tools/rust/semantic_ir/target/release/spec_to_ir
  ❌ Confluence: FAILED - Not enough outputs

Testing parser...
  ❌ spark: spec_to_ir failed: 
  ❌ python: spec_to_ir failed: usage: spec_to_ir.py [-h] --spec-root SPEC_ROOT --out OUT
                     [--lockfile LOCKFILE]
spec_to_ir.py: error: the following arguments are required: --spec-root, --out

  ❌ rust: Tool not found: ../tools/rust/semantic_ir/target/release/spec_to_ir
  ❌ Confluence: FAILED - Not enough outputs

Testing expert...
  ❌ spark: spec_to_ir failed: 
  ❌ python: spec_to_ir failed: usage: spec_to_ir.py [-h] --spec-root SPEC_ROOT --out OUT
                     [--lockfile LOCKFILE]
spec_to_ir.py: error: the following arguments are required: --spec-root, --out

  ❌ rust: Tool not found: ../tools/rust/semantic_ir/target/release/spec_to_ir
  ❌ Confluence: FAILED - Not enough outputs

Testing constraints...
  ❌ spark: spec_to_ir failed: 
  ❌ python: spec_to_ir failed: usage: spec_to_ir.py [-h] --spec-root SPEC_ROOT --out OUT
                     [--lockfile LOCKFILE]
spec_to_ir.py: error: the following arguments are required: --spec-root, --out

  ❌ rust: Tool not found: ../tools/rust/semantic_ir/target/release/spec_to_ir
  ❌ Confluence: FAILED - Not enough outputs

Testing functional...
  ❌ spark: spec_to_ir failed: 
  ❌ python: spec_to_ir failed: usage: spec_to_ir.py [-h] --spec-root SPEC_ROOT --out OUT
                     [--lockfile LOCKFILE]
spec_to_ir.py: error: the following arguments are required: --spec-root, --out

  ❌ rust: Tool not found: ../tools/rust/semantic_ir/target/release/spec_to_ir
  ❌ Confluence: FAILED - Not enough outputs

Testing oop...
  ❌ spark: spec_to_ir failed: 
  ❌ python: spec_to_ir failed: usage: spec_to_ir.py [-h] --spec-root SPEC_ROOT --out OUT
                     [--lockfile LOCKFILE]
spec_to_ir.py: error: the following arguments are required: --spec-root, --out

  ❌ rust: Tool not found: ../tools/rust/semantic_ir/target/release/spec_to_ir
  ❌ Confluence: FAILED - Not enough outputs

Testing mobile...
  ❌ spark: spec_to_ir failed: 
  ❌ python: spec_to_ir failed: usage: spec_to_ir.py [-h] --spec-root SPEC_ROOT --out OUT
                     [--lockfile LOCKFILE]
spec_to_ir.py: error: the following arguments are required: --spec-root, --out

  ❌ rust: Tool not found: ../tools/rust/semantic_ir/target/release/spec_to_ir
  ❌ Confluence: FAILED - Not enough outputs

Testing scientific...
  ❌ spark: spec_to_ir failed: 
  ❌ python: spec_to_ir failed: usage: spec_to_ir.py [-h] --spec-root SPEC_ROOT --out OUT
                     [--lockfile LOCKFILE]
spec_to_ir.py: error: the following arguments are required: --spec-root, --out

  ❌ rust: Tool not found: ../tools/rust/semantic_ir/target/release/spec_to_ir
  ❌ Confluence: FAILED - Not enough outputs

Testing bytecode...
  ❌ spark: spec_to_ir failed: 
  ❌ python: spec_to_ir failed: usage: spec_to_ir.py [-h] --spec-root SPEC_ROOT --out OUT
                     [--lockfile LOCKFILE]
spec_to_ir.py: error: the following arguments are required: --spec-root, --out

  ❌ rust: Tool not found: ../tools/rust/semantic_ir/target/release/spec_to_ir
  ❌ Confluence: FAILED - Not enough outputs

Testing systems...
  ❌ spark: spec_to_ir failed: 
  ❌ python: spec_to_ir failed: usage: spec_to_ir.py [-h] --spec-root SPEC_ROOT --out OUT
                     [--lockfile LOCKFILE]
spec_to_ir.py: error: the following arguments are required: --spec-root, --out

  ❌ rust: Tool not found: ../tools/rust/semantic_ir/target/release/spec_to_ir
  ❌ Confluence: FAILED - Not enough outputs

Testing planning...
  ❌ spark: spec_to_ir failed: 
  ❌ python: spec_to_ir failed: usage: spec_to_ir.py [-h] --spec-root SPEC_ROOT --out OUT
                     [--lockfile LOCKFILE]
spec_to_ir.py: error: the following arguments are required: --spec-root, --out

  ❌ rust: Tool not found: ../tools/rust/semantic_ir/target/release/spec_to_ir
  ❌ Confluence: FAILED - Not enough outputs

Testing asmIR...
  ❌ spark: spec_to_ir failed: 
  ❌ python: spec_to_ir failed: usage: spec_to_ir.py [-h] --spec-root SPEC_ROOT --out OUT
                     [--lockfile LOCKFILE]
spec_to_ir.py: error: the following arguments are required: --spec-root, --out

  ❌ rust: Tool not found: ../tools/rust/semantic_ir/target/release/spec_to_ir
  ❌ Confluence: FAILED - Not enough outputs

Testing beam...
  ❌ spark: spec_to_ir failed: 
  ❌ python: spec_to_ir failed: usage: spec_to_ir.py [-h] --spec-root SPEC_ROOT --out OUT
                     [--lockfile LOCKFILE]
spec_to_ir.py: error: the following arguments are required: --spec-root, --out

  ❌ rust: Tool not found: ../tools/rust/semantic_ir/target/release/spec_to_ir
  ❌ Confluence: FAILED - Not enough outputs

Testing asp...
  ❌ spark: spec_to_ir failed: 
  ❌ python: spec_to_ir failed: usage: spec_to_ir.py [-h] --spec-root SPEC_ROOT --out OUT
                     [--lockfile LOCKFILE]
spec_to_ir.py: error: the following arguments are required: --spec-root, --out

  ❌ rust: Tool not found: ../tools/rust/semantic_ir/target/release/spec_to_ir
  ❌ Confluence: FAILED - Not enough outputs

================================================================================
Report saved to: /home/ubuntu/stunir_repo/test_confluence/CONFLUENCE_REPORT.md
================================================================================
JSON results saved to: /home/ubuntu/stunir_repo/test_confluence/confluence_results.json

⚠️  Partial confluence: 0/24
