toolchain_verify.adb:54:31: error: "Size" is undefined
toolchain_verify.adb:59:13: error: no candidate interpretations match the actuals:
toolchain_verify.adb:59:13: error: too many arguments in call to "Get"
toolchain_verify.adb:77:07: error: missing argument for parameter "Status" in call to "Initialize_Parser" declared at stunir_json_parser.ads:18
toolchain_verify.adb:79:10: error: procedure name cannot be used as operand
toolchain_verify.adb:84:13: error: "Current_Token" is undefined
toolchain_verify.adb:84:69: error: "Success" is not visible
toolchain_verify.adb:84:69: error: multiple use clauses cause hiding
toolchain_verify.adb:84:69: error: hidden declaration at stunir_types.ads:54
toolchain_verify.adb:84:69: error: hidden declaration at a-comlin.ads:76
toolchain_verify.adb:85:13: error: "Current_Token" is undefined
toolchain_verify.adb:86:75: error: "Error_Parse" is undefined
toolchain_verify.adb:89:13: error: "Current_Token" is undefined
toolchain_verify.adb:92:13: error: "Current_Token" is undefined
toolchain_verify.adb:95:19: error: "Success" is not visible
toolchain_verify.adb:95:19: error: multiple use clauses cause hiding
toolchain_verify.adb:95:19: error: hidden declaration at stunir_types.ads:54
toolchain_verify.adb:95:19: error: hidden declaration at a-comlin.ads:76
toolchain_verify.adb:132:27: error: "Success" is not visible
toolchain_verify.adb:132:27: error: multiple use clauses cause hiding
toolchain_verify.adb:132:27: error: hidden declaration at stunir_types.ads:54
toolchain_verify.adb:132:27: error: hidden declaration at a-comlin.ads:76
